mktexpk --mfmode ljfour --bdpi 600 --mag 1+120/600 --dpi 720 ptmr7t
mktexpk --mfmode ljfour --bdpi 600 --mag 1+120/600 --dpi 720 ptmr7t
mktexpk --mfmode ljfour --bdpi 600 --mag 1+120/600 --dpi 720 ptmb7t
mktexpk --mfmode ljfour --bdpi 600 --mag 1+120/600 --dpi 720 ptmb7t
mktexpk --mfmode ljfour --bdpi 600 --mag 1+120/600 --dpi 720 ptmri7t
mktexpk --mfmode ljfour --bdpi 600 --mag 1+120/600 --dpi 720 ptmri7t
mktexpk --mfmode ljfour --bdpi 600 --mag 1+120/600 --dpi 720 fmvr8x
mktexpk --mfmode ljfour --bdpi 600 --mag 1+120/600 --dpi 720 fmvr8x
mktexpk --mfmode ljfour --bdpi 600 --mag 1+120/600 --dpi 720 zptmcm7m
mktexpk --mfmode ljfour --bdpi 600 --mag 1+120/600 --dpi 720 zptmcm7m
mktexpk --mfmode ljfour --bdpi 600 --mag 0+540/600 --dpi 540 zptmcm7t
mktexpk --mfmode ljfour --bdpi 600 --mag 0+540/600 --dpi 540 zptmcm7t
mktexpk --mfmode ljfour --bdpi 600 --mag 0+540/600 --dpi 540 zptmcm7m
mktexpk --mfmode ljfour --bdpi 600 --mag 0+540/600 --dpi 540 zptmcm7m
mktexpk --mfmode ljfour --bdpi 600 --mag 1+120/600 --dpi 720 zptmcm7t
mktexpk --mfmode ljfour --bdpi 600 --mag 1+120/600 --dpi 720 zptmcm7t
mktexpk --mfmode ljfour --bdpi 600 --mag 1+120/600 --dpi 720 zptmcm7y
mktexpk --mfmode ljfour --bdpi 600 --mag 1+120/600 --dpi 720 zptmcm7y
mktexpk --mfmode ljfour --bdpi 600 --mag 1+57/600 --dpi 657 ptmr7t
mktexpk --mfmode ljfour --bdpi 600 --mag 1+57/600 --dpi 657 ptmr7t
mktexpk --mfmode ljfour --bdpi 600 --mag 1+120/600 --dpi 720 ptmr8c
mktexpk --mfmode ljfour --bdpi 600 --mag 1+120/600 --dpi 720 ptmr8c
mktexpk --mfmode ljfour --bdpi 600 --mag 1+120/600 --dpi 720 pzcmi7t
mktexpk --mfmode ljfour --bdpi 600 --mag 1+120/600 --dpi 720 pzcmi7t
mktexpk --mfmode ljfour --bdpi 600 --mag 0+540/600 --dpi 540 zptmcm7y
mktexpk --mfmode ljfour --bdpi 600 --mag 0+540/600 --dpi 540 zptmcm7y
mktexpk --mfmode ljfour --bdpi 600 --mag 0+540/600 --dpi 540 pzcmi7t
mktexpk --mfmode ljfour --bdpi 600 --mag 0+540/600 --dpi 540 pzcmi7t
mktexpk --mfmode ljfour --bdpi 600 --mag 0+420/600 --dpi 420 zptmcm7y
mktexpk --mfmode ljfour --bdpi 600 --mag 0+420/600 --dpi 420 zptmcm7y
mktexpk --mfmode ljfour --bdpi 600 --mag 0+420/600 --dpi 420 zptmcm7m
mktexpk --mfmode ljfour --bdpi 600 --mag 0+420/600 --dpi 420 zptmcm7m
mktexpk --mfmode ljfour --bdpi 600 --mag 1+120/600 --dpi 720 zptmcm7v
mktexpk --mfmode ljfour --bdpi 600 --mag 1+120/600 --dpi 720 zptmcm7v
mktexpk --mfmode ljfour --bdpi 600 --mag 1+120/600 --dpi 720 ptmbi7t
mktexpk --mfmode ljfour --bdpi 600 --mag 1+120/600 --dpi 720 ptmbi7t
mktexpk --mfmode ljfour --bdpi 600 --mag 0+420/600 --dpi 420 zptmcm7t
mktexpk --mfmode ljfour --bdpi 600 --mag 0+420/600 --dpi 420 zptmcm7t
mktexpk --mfmode ljfour --bdpi 600 --mag 1+120/600 --dpi 720 ptmr7t
mktexpk --mfmode ljfour --bdpi 600 --mag 1+120/600 --dpi 720 ptmr7t
mktexpk --mfmode ljfour --bdpi 600 --mag 1+120/600 --dpi 720 ptmb7t
mktexpk --mfmode ljfour --bdpi 600 --mag 1+120/600 --dpi 720 ptmb7t
mktexpk --mfmode ljfour --bdpi 600 --mag 1+120/600 --dpi 720 ptmri7t
mktexpk --mfmode ljfour --bdpi 600 --mag 1+120/600 --dpi 720 ptmri7t
mktexpk --mfmode ljfour --bdpi 600 --mag 1+120/600 --dpi 720 fmvr8x
mktexpk --mfmode ljfour --bdpi 600 --mag 1+120/600 --dpi 720 fmvr8x
mktexpk --mfmode ljfour --bdpi 600 --mag 1+120/600 --dpi 720 zptmcm7m
mktexpk --mfmode ljfour --bdpi 600 --mag 1+120/600 --dpi 720 zptmcm7m
mktexpk --mfmode ljfour --bdpi 600 --mag 0+540/600 --dpi 540 zptmcm7t
mktexpk --mfmode ljfour --bdpi 600 --mag 0+540/600 --dpi 540 zptmcm7t
mktexpk --mfmode ljfour --bdpi 600 --mag 0+540/600 --dpi 540 zptmcm7m
mktexpk --mfmode ljfour --bdpi 600 --mag 0+540/600 --dpi 540 zptmcm7m
mktexpk --mfmode ljfour --bdpi 600 --mag 1+120/600 --dpi 720 zptmcm7t
mktexpk --mfmode ljfour --bdpi 600 --mag 1+120/600 --dpi 720 zptmcm7t
mktexpk --mfmode ljfour --bdpi 600 --mag 1+120/600 --dpi 720 zptmcm7y
mktexpk --mfmode ljfour --bdpi 600 --mag 1+120/600 --dpi 720 zptmcm7y
mktexpk --mfmode ljfour --bdpi 600 --mag 1+57/600 --dpi 657 ptmr7t
mktexpk --mfmode ljfour --bdpi 600 --mag 1+57/600 --dpi 657 ptmr7t
mktexpk --mfmode ljfour --bdpi 600 --mag 1+120/600 --dpi 720 ptmr8c
mktexpk --mfmode ljfour --bdpi 600 --mag 1+120/600 --dpi 720 ptmr8c
mktexpk --mfmode ljfour --bdpi 600 --mag 1+120/600 --dpi 720 pzcmi7t
mktexpk --mfmode ljfour --bdpi 600 --mag 1+120/600 --dpi 720 pzcmi7t
mktexpk --mfmode ljfour --bdpi 600 --mag 0+540/600 --dpi 540 zptmcm7y
mktexpk --mfmode ljfour --bdpi 600 --mag 0+540/600 --dpi 540 zptmcm7y
mktexpk --mfmode ljfour --bdpi 600 --mag 0+540/600 --dpi 540 pzcmi7t
mktexpk --mfmode ljfour --bdpi 600 --mag 0+540/600 --dpi 540 pzcmi7t
mktexpk --mfmode ljfour --bdpi 600 --mag 0+420/600 --dpi 420 zptmcm7y
mktexpk --mfmode ljfour --bdpi 600 --mag 0+420/600 --dpi 420 zptmcm7y
mktexpk --mfmode ljfour --bdpi 600 --mag 0+420/600 --dpi 420 zptmcm7m
mktexpk --mfmode ljfour --bdpi 600 --mag 0+420/600 --dpi 420 zptmcm7m
mktexpk --mfmode ljfour --bdpi 600 --mag 1+120/600 --dpi 720 zptmcm7v
mktexpk --mfmode ljfour --bdpi 600 --mag 1+120/600 --dpi 720 zptmcm7v
mktexpk --mfmode ljfour --bdpi 600 --mag 1+120/600 --dpi 720 ptmbi7t
mktexpk --mfmode ljfour --bdpi 600 --mag 1+120/600 --dpi 720 ptmbi7t
mktexpk --mfmode ljfour --bdpi 600 --mag 0+420/600 --dpi 420 zptmcm7t
mktexpk --mfmode ljfour --bdpi 600 --mag 0+420/600 --dpi 420 zptmcm7t
mktexpk --mfmode ljfour --bdpi 600 --mag 1+120/600 --dpi 720 ptmr7t
mktexpk --mfmode ljfour --bdpi 600 --mag 1+120/600 --dpi 720 ptmr7t
mktexpk --mfmode ljfour --bdpi 600 --mag 1+120/600 --dpi 720 ptmb7t
mktexpk --mfmode ljfour --bdpi 600 --mag 1+120/600 --dpi 720 ptmb7t
mktexpk --mfmode ljfour --bdpi 600 --mag 1+120/600 --dpi 720 ptmri7t
mktexpk --mfmode ljfour --bdpi 600 --mag 1+120/600 --dpi 720 ptmri7t
mktexpk --mfmode ljfour --bdpi 600 --mag 1+120/600 --dpi 720 fmvr8x
mktexpk --mfmode ljfour --bdpi 600 --mag 1+120/600 --dpi 720 fmvr8x
mktexpk --mfmode ljfour --bdpi 600 --mag 1+120/600 --dpi 720 zptmcm7m
mktexpk --mfmode ljfour --bdpi 600 --mag 1+120/600 --dpi 720 zptmcm7m
mktexpk --mfmode ljfour --bdpi 600 --mag 0+540/600 --dpi 540 zptmcm7t
mktexpk --mfmode ljfour --bdpi 600 --mag 0+540/600 --dpi 540 zptmcm7t
mktexpk --mfmode ljfour --bdpi 600 --mag 0+540/600 --dpi 540 zptmcm7m
mktexpk --mfmode ljfour --bdpi 600 --mag 0+540/600 --dpi 540 zptmcm7m
mktexpk --mfmode ljfour --bdpi 600 --mag 1+120/600 --dpi 720 zptmcm7t
mktexpk --mfmode ljfour --bdpi 600 --mag 1+120/600 --dpi 720 zptmcm7t
mktexpk --mfmode ljfour --bdpi 600 --mag 1+120/600 --dpi 720 zptmcm7y
mktexpk --mfmode ljfour --bdpi 600 --mag 1+120/600 --dpi 720 zptmcm7y
mktexpk --mfmode ljfour --bdpi 600 --mag 1+57/600 --dpi 657 ptmr7t
mktexpk --mfmode ljfour --bdpi 600 --mag 1+57/600 --dpi 657 ptmr7t
mktexpk --mfmode ljfour --bdpi 600 --mag 1+120/600 --dpi 720 ptmr8c
mktexpk --mfmode ljfour --bdpi 600 --mag 1+120/600 --dpi 720 ptmr8c
mktexpk --mfmode ljfour --bdpi 600 --mag 1+120/600 --dpi 720 pzcmi7t
mktexpk --mfmode ljfour --bdpi 600 --mag 1+120/600 --dpi 720 pzcmi7t
mktexpk --mfmode ljfour --bdpi 600 --mag 0+540/600 --dpi 540 zptmcm7y
mktexpk --mfmode ljfour --bdpi 600 --mag 0+540/600 --dpi 540 zptmcm7y
mktexpk --mfmode ljfour --bdpi 600 --mag 0+540/600 --dpi 540 pzcmi7t
mktexpk --mfmode ljfour --bdpi 600 --mag 0+540/600 --dpi 540 pzcmi7t
mktexpk --mfmode ljfour --bdpi 600 --mag 0+420/600 --dpi 420 zptmcm7y
mktexpk --mfmode ljfour --bdpi 600 --mag 0+420/600 --dpi 420 zptmcm7y
mktexpk --mfmode ljfour --bdpi 600 --mag 0+420/600 --dpi 420 zptmcm7m
mktexpk --mfmode ljfour --bdpi 600 --mag 0+420/600 --dpi 420 zptmcm7m
mktexpk --mfmode ljfour --bdpi 600 --mag 1+120/600 --dpi 720 zptmcm7v
mktexpk --mfmode ljfour --bdpi 600 --mag 1+120/600 --dpi 720 zptmcm7v
mktexpk --mfmode ljfour --bdpi 600 --mag 1+120/600 --dpi 720 ptmbi7t
mktexpk --mfmode ljfour --bdpi 600 --mag 1+120/600 --dpi 720 ptmbi7t
mktexpk --mfmode ljfour --bdpi 600 --mag 0+420/600 --dpi 420 zptmcm7t
mktexpk --mfmode ljfour --bdpi 600 --mag 0+420/600 --dpi 420 zptmcm7t
mktexpk --mfmode ljfour --bdpi 600 --mag 1+120/600 --dpi 720 ptmr7t
mktexpk --mfmode ljfour --bdpi 600 --mag 1+120/600 --dpi 720 ptmr7t
mktexpk --mfmode ljfour --bdpi 600 --mag 1+120/600 --dpi 720 ptmb7t
mktexpk --mfmode ljfour --bdpi 600 --mag 1+120/600 --dpi 720 ptmb7t
mktexpk --mfmode ljfour --bdpi 600 --mag 1+120/600 --dpi 720 ptmri7t
mktexpk --mfmode ljfour --bdpi 600 --mag 1+120/600 --dpi 720 ptmri7t
mktexpk --mfmode ljfour --bdpi 600 --mag 1+120/600 --dpi 720 fmvr8x
mktexpk --mfmode ljfour --bdpi 600 --mag 1+120/600 --dpi 720 fmvr8x
mktexpk --mfmode ljfour --bdpi 600 --mag 1+120/600 --dpi 720 zptmcm7m
mktexpk --mfmode ljfour --bdpi 600 --mag 1+120/600 --dpi 720 zptmcm7m
mktexpk --mfmode ljfour --bdpi 600 --mag 0+540/600 --dpi 540 zptmcm7t
mktexpk --mfmode ljfour --bdpi 600 --mag 0+540/600 --dpi 540 zptmcm7t
mktexpk --mfmode ljfour --bdpi 600 --mag 0+540/600 --dpi 540 zptmcm7m
mktexpk --mfmode ljfour --bdpi 600 --mag 0+540/600 --dpi 540 zptmcm7m
mktexpk --mfmode ljfour --bdpi 600 --mag 1+120/600 --dpi 720 zptmcm7t
mktexpk --mfmode ljfour --bdpi 600 --mag 1+120/600 --dpi 720 zptmcm7t
mktexpk --mfmode ljfour --bdpi 600 --mag 1+120/600 --dpi 720 zptmcm7y
mktexpk --mfmode ljfour --bdpi 600 --mag 1+120/600 --dpi 720 zptmcm7y
mktexpk --mfmode ljfour --bdpi 600 --mag 1+57/600 --dpi 657 ptmr7t
mktexpk --mfmode ljfour --bdpi 600 --mag 1+57/600 --dpi 657 ptmr7t
mktexpk --mfmode ljfour --bdpi 600 --mag 1+120/600 --dpi 720 ptmr8c
mktexpk --mfmode ljfour --bdpi 600 --mag 1+120/600 --dpi 720 ptmr8c
mktexpk --mfmode ljfour --bdpi 600 --mag 1+120/600 --dpi 720 pzcmi7t
mktexpk --mfmode ljfour --bdpi 600 --mag 1+120/600 --dpi 720 pzcmi7t
mktexpk --mfmode ljfour --bdpi 600 --mag 0+540/600 --dpi 540 zptmcm7y
mktexpk --mfmode ljfour --bdpi 600 --mag 0+540/600 --dpi 540 zptmcm7y
mktexpk --mfmode ljfour --bdpi 600 --mag 0+540/600 --dpi 540 pzcmi7t
mktexpk --mfmode ljfour --bdpi 600 --mag 0+540/600 --dpi 540 pzcmi7t
mktexpk --mfmode ljfour --bdpi 600 --mag 0+420/600 --dpi 420 zptmcm7y
mktexpk --mfmode ljfour --bdpi 600 --mag 0+420/600 --dpi 420 zptmcm7y
mktexpk --mfmode ljfour --bdpi 600 --mag 0+420/600 --dpi 420 zptmcm7m
mktexpk --mfmode ljfour --bdpi 600 --mag 0+420/600 --dpi 420 zptmcm7m
mktexpk --mfmode ljfour --bdpi 600 --mag 1+120/600 --dpi 720 zptmcm7v
mktexpk --mfmode ljfour --bdpi 600 --mag 1+120/600 --dpi 720 zptmcm7v
mktexpk --mfmode ljfour --bdpi 600 --mag 1+120/600 --dpi 720 ptmbi7t
mktexpk --mfmode ljfour --bdpi 600 --mag 1+120/600 --dpi 720 ptmbi7t
mktexpk --mfmode ljfour --bdpi 600 --mag 0+420/600 --dpi 420 zptmcm7t
mktexpk --mfmode ljfour --bdpi 600 --mag 0+420/600 --dpi 420 zptmcm7t
mktexpk --mfmode ljfour --bdpi 600 --mag 1+120/600 --dpi 720 ptmr7t
mktexpk --mfmode ljfour --bdpi 600 --mag 1+120/600 --dpi 720 ptmr7t
mktexpk --mfmode ljfour --bdpi 600 --mag 1+120/600 --dpi 720 ptmb7t
mktexpk --mfmode ljfour --bdpi 600 --mag 1+120/600 --dpi 720 ptmb7t
mktexpk --mfmode ljfour --bdpi 600 --mag 1+120/600 --dpi 720 ptmri7t
mktexpk --mfmode ljfour --bdpi 600 --mag 1+120/600 --dpi 720 ptmri7t
mktexpk --mfmode ljfour --bdpi 600 --mag 1+120/600 --dpi 720 fmvr8x
mktexpk --mfmode ljfour --bdpi 600 --mag 1+120/600 --dpi 720 fmvr8x
mktexpk --mfmode ljfour --bdpi 600 --mag 1+120/600 --dpi 720 zptmcm7m
mktexpk --mfmode ljfour --bdpi 600 --mag 1+120/600 --dpi 720 zptmcm7m
mktexpk --mfmode ljfour --bdpi 600 --mag 0+540/600 --dpi 540 zptmcm7t
mktexpk --mfmode ljfour --bdpi 600 --mag 0+540/600 --dpi 540 zptmcm7t
mktexpk --mfmode ljfour --bdpi 600 --mag 0+540/600 --dpi 540 zptmcm7m
mktexpk --mfmode ljfour --bdpi 600 --mag 0+540/600 --dpi 540 zptmcm7m
mktexpk --mfmode ljfour --bdpi 600 --mag 1+120/600 --dpi 720 zptmcm7t
mktexpk --mfmode ljfour --bdpi 600 --mag 1+120/600 --dpi 720 zptmcm7t
mktexpk --mfmode ljfour --bdpi 600 --mag 1+120/600 --dpi 720 zptmcm7y
mktexpk --mfmode ljfour --bdpi 600 --mag 1+120/600 --dpi 720 zptmcm7y
mktexpk --mfmode ljfour --bdpi 600 --mag 1+57/600 --dpi 657 ptmr7t
mktexpk --mfmode ljfour --bdpi 600 --mag 1+57/600 --dpi 657 ptmr7t
mktexpk --mfmode ljfour --bdpi 600 --mag 1+120/600 --dpi 720 ptmr8c
mktexpk --mfmode ljfour --bdpi 600 --mag 1+120/600 --dpi 720 ptmr8c
mktexpk --mfmode ljfour --bdpi 600 --mag 1+120/600 --dpi 720 pzcmi7t
mktexpk --mfmode ljfour --bdpi 600 --mag 1+120/600 --dpi 720 pzcmi7t
mktexpk --mfmode ljfour --bdpi 600 --mag 0+540/600 --dpi 540 zptmcm7y
mktexpk --mfmode ljfour --bdpi 600 --mag 0+540/600 --dpi 540 zptmcm7y
mktexpk --mfmode ljfour --bdpi 600 --mag 0+540/600 --dpi 540 pzcmi7t
mktexpk --mfmode ljfour --bdpi 600 --mag 0+540/600 --dpi 540 pzcmi7t
mktexpk --mfmode ljfour --bdpi 600 --mag 0+420/600 --dpi 420 zptmcm7y
mktexpk --mfmode ljfour --bdpi 600 --mag 0+420/600 --dpi 420 zptmcm7y
mktexpk --mfmode ljfour --bdpi 600 --mag 0+420/600 --dpi 420 zptmcm7m
mktexpk --mfmode ljfour --bdpi 600 --mag 0+420/600 --dpi 420 zptmcm7m
mktexpk --mfmode ljfour --bdpi 600 --mag 1+120/600 --dpi 720 zptmcm7v
mktexpk --mfmode ljfour --bdpi 600 --mag 1+120/600 --dpi 720 zptmcm7v
mktexpk --mfmode ljfour --bdpi 600 --mag 1+120/600 --dpi 720 ptmbi7t
mktexpk --mfmode ljfour --bdpi 600 --mag 1+120/600 --dpi 720 ptmbi7t
mktexpk --mfmode ljfour --bdpi 600 --mag 0+420/600 --dpi 420 zptmcm7t
mktexpk --mfmode ljfour --bdpi 600 --mag 0+420/600 --dpi 420 zptmcm7t
